<?xml version="1.0" encoding="UTF-8"?>
<!-- Generated by org.testng.reporters.JUnitXMLReporter -->
<testsuite hostname="Gokce-Tuncay-2.local" name="ChromeTest" tests="3" failures="0" timestamp="28 Jan 2018 19:45:47 GMT" time="5.455" errors="0">
  <testcase name="FavoritesPage" time="0.211" classname="com.adidas.app.TestSuite.AdidasUITests"/>
  <testcase name="OpenHomePage" time="0.327" classname="com.adidas.app.TestSuite.AdidasUITests"/>
  <testcase name="ProductDetailsPage" time="1.256" classname="com.adidas.app.TestSuite.AdidasUITests"/>
</testsuite> <!-- ChromeTest -->
