<?xml version="1.0" encoding="UTF-8"?>
<!-- Generated by org.testng.reporters.JUnitXMLReporter -->
<testsuite hostname="Gokce-Tuncay-2.local" name="FirefoxTest" tests="3" failures="0" timestamp="28 Jan 2018 19:45:55 GMT" time="7.905" errors="0">
  <testcase name="FavoritesPage" time="0.239" classname="com.adidas.app.TestSuite.AdidasUITests"/>
  <testcase name="OpenHomePage" time="0.581" classname="com.adidas.app.TestSuite.AdidasUITests"/>
  <testcase name="ProductDetailsPage" time="2.078" classname="com.adidas.app.TestSuite.AdidasUITests"/>
</testsuite> <!-- FirefoxTest -->
