<?xml version="1.0" encoding="UTF-8"?>
<!-- Generated by org.testng.reporters.JUnitXMLReporter -->
<testsuite hostname="Gokce-Tuncay-2.local" name="Test" tests="3" failures="0" timestamp="28 Jan 2018 18:45:41 GMT" time="10.49" errors="0">
  <testcase name="FavoritesPage" time="1.974" classname="com.adidas.app.TestSuite.AdidasUITests"/>
  <testcase name="OpenHomePage" time="1.371" classname="com.adidas.app.TestSuite.AdidasUITests"/>
  <testcase name="ProductDetailsPage" time="2.209" classname="com.adidas.app.TestSuite.AdidasUITests"/>
</testsuite> <!-- Test -->
